Arguments: 
  /Users/chocsx/.nvm/versions/node/v16.14.0/bin/node /Users/chocsx/.nvm/versions/node/v16.14.0/bin/yarn add @mikro-orm/cli@5.2.3 @mikro-orm/code@5.2.3 @mikro-orm/migrations@5.2.3 @mikro-orm/postgresql@5.2.3

PATH: 
  /Users/chocsx/.rvm/gems/ruby-2.7.1/bin:/Users/chocsx/.rvm/gems/ruby-2.7.1@global/bin:/Users/chocsx/.rvm/rubies/ruby-2.7.1/bin:/Users/chocsx/.bun/bin:/Users/chocsx/.local/bin:/Users/chocsx/.cargo/bin:/opt/homebrew/opt/php@7.4/sbin:/opt/homebrew/opt/php@7.4/bin:/opt/homebrew/opt/openssl@1.1/bin:/opt/homebrew/opt/openjdk/bin:/opt/homebrew/opt/openssl@3/bin:/Users/chocsx/.nvm/versions/node/v16.14.0/bin:/opt/homebrew/bin:/opt/homebrew/sbin:/usr/local/bin:/usr/bin:/bin:/usr/sbin:/sbin:/Library/Apple/usr/bin:/Users/chocsx/.rvm/bin

Yarn version: 
  1.22.18

Node version: 
  16.14.0

Platform: 
  darwin arm64

Trace: 
  Error: https://registry.yarnpkg.com/@mikro-orm%2fcode: Not found
      at Request.params.callback [as _callback] (/Users/chocsx/.nvm/versions/node/v16.14.0/lib/node_modules/yarn/lib/cli.js:66138:18)
      at Request.self.callback (/Users/chocsx/.nvm/versions/node/v16.14.0/lib/node_modules/yarn/lib/cli.js:140883:22)
      at Request.emit (node:events:520:28)
      at Request.<anonymous> (/Users/chocsx/.nvm/versions/node/v16.14.0/lib/node_modules/yarn/lib/cli.js:141855:10)
      at Request.emit (node:events:520:28)
      at IncomingMessage.<anonymous> (/Users/chocsx/.nvm/versions/node/v16.14.0/lib/node_modules/yarn/lib/cli.js:141777:12)
      at Object.onceWrapper (node:events:639:28)
      at IncomingMessage.emit (node:events:532:35)
      at endReadableNT (node:internal/streams/readable:1346:12)
      at processTicksAndRejections (node:internal/process/task_queues:83:21)

npm manifest: 
  {
    "name": "lireddit-server",
    "version": "1.0.0",
    "description": "",
    "main": "index.js",
    "scripts": {
      "watch": "tsc -w",
      "dev": "nodemon dist/index.js",
      "dev2": "nodemon --exect ts-node src/index.ts",
      "start": "node dist/index.js",
      "start2": "ts-node src/index.ts",
      "create:migration": "mikro-orm migration:create"
    },
    "keywords": [],
    "author": "",
    "license": "ISC",
    "devDependencies": {
      "@types/express": "^4.17.7",
      "@types/node": "^14.6.0",
      "nodemon": "^2.0.4",
      "ts-node": "^9.0.0",
      "typescript": "^4.0.2"
    },
    "dependencies": {
      "@mikro-orm/cli": "^4.0.0-alpha.0",
      "@mikro-orm/core": "^4.0.0-alpha.0",
      "@mikro-orm/migrations": "^4.0.0-alpha.0",
      "@mikro-orm/postgresql": "^4.0.0-alpha.0",
      "apollo-server-express": "^2.16.1",
      "argon2": "^0.27.0",
      "dotenv": "^8.2.0",
      "express": "^4.17.1",
      "graphql": "^15.3.0",
      "pg": "^8.3.2",
      "reflect-metadata": "^0.1.13",
      "type-graphql": "^1.0.0"
    },
    "mikro-orm": {
      "useTsNode": true,
      "configPaths": [
        "./src/mikro-orm.config.ts",
        "./dist/mikro-orm.config.js"
      ]
    }
  }

yarn manifest: 
  No manifest

Lockfile: 
  No lockfile
